Main Logger: INFO - Starting __init__... - on 01/02/2024 at 17:12 PM
Main Logger: INFO - Starting createTitleBar... - on 01/02/2024 at 17:12 PM
Main Logger: INFO - Finished createTitleBar. - on 01/02/2024 at 17:12 PM
Main Logger: INFO - Starting createSideBar... - on 01/02/2024 at 17:12 PM
Main Logger: INFO - Starting populateSideBar... - on 01/02/2024 at 17:12 PM
Main Logger: INFO - Finished populateSideBar. - on 01/02/2024 at 17:12 PM
Main Logger: INFO - Finished createSideBar. - on 01/02/2024 at 17:12 PM
Main Logger: INFO - Starting createMatchTab... - on 01/02/2024 at 17:12 PM
Main Logger: INFO - Starting populateMatchDD... - on 01/02/2024 at 17:12 PM
Main Logger: INFO - Finished populateMatchDD. - on 01/02/2024 at 17:12 PM
Main Logger: INFO - Finished createMatchTab. - on 01/02/2024 at 17:12 PM
Main Logger: INFO - Starting populateSetDD... - on 01/02/2024 at 17:12 PM
Main Logger: INFO - Finished populateSetDD. - on 01/02/2024 at 17:12 PM
Main Logger: INFO - Finished __init__. - on 01/02/2024 at 17:12 PM
Main Logger: INFO - Starting finalizeSet... - on 01/02/2024 at 17:12 PM
Main Logger: INFO - Starting openMessageDialog... - on 01/02/2024 at 17:12 PM
Main Logger: INFO - Finished openMessageDialog. - on 01/02/2024 at 17:12 PM
Main Logger: INFO - Finished finalizeSet. - on 01/02/2024 at 17:12 PM
Main Logger: INFO - Starting finalizeSet... - on 01/02/2024 at 17:12 PM
Main Logger: INFO - Starting openMessageDialog... - on 01/02/2024 at 17:12 PM
Main Logger: INFO - Finished openMessageDialog. - on 01/02/2024 at 17:12 PM
Main Logger: INFO - Finished finalizeSet. - on 01/02/2024 at 17:12 PM
