#
# There is insufficient memory for the Java Runtime Environment to continue.
# Native memory allocation (malloc) failed to allocate 1048576 bytes for AllocateHeap
# Possible reasons:
#   The system is out of physical RAM or swap space
#   The process is running with CompressedOops enabled, and the Java Heap may be blocking the growth of the native heap
# Possible solutions:
#   Reduce memory load on the system
#   Increase physical memory or swap space
#   Check if swap backing store is full
#   Decrease Java heap size (-Xmx/-Xms)
#   Decrease number of Java threads
#   Decrease Java thread stack sizes (-Xss)
#   Set larger code cache with -XX:ReservedCodeCacheSize=
#   JVM is running with Unscaled Compressed Oops mode in which the Java heap is
#     placed in the first 4GB address space. The Java Heap base address is the
#     maximum limit for the native heap growth. Please use -XX:HeapBaseMinAddress
#     to set the Java Heap base and to place the Java Heap above 4GB virtual address.
# This output file may be truncated or incomplete.
#
#  Out of Memory Error (allocation.cpp:44), pid=36320, tid=34800
#
# JRE version:  (17.0.5+8) (build )
# Java VM: OpenJDK 64-Bit Server VM (17.0.5+8, mixed mode, tiered, compressed oops, compressed class ptrs, parallel gc, windows-amd64)
# No core dump will be written. Minidumps are not enabled by default on client versions of Windows
#

---------------  S U M M A R Y ------------

Command Line: --add-modules=ALL-SYSTEM --add-opens=java.base/java.util=ALL-UNNAMED --add-opens=java.base/java.lang=ALL-UNNAMED --add-opens=java.base/sun.nio.fs=ALL-UNNAMED -Declipse.application=org.eclipse.jdt.ls.core.id1 -Dosgi.bundles.defaultStartLevel=4 -Declipse.product=org.eclipse.jdt.ls.core.product -Djava.import.generatesMetadataFilesAtProjectRoot=false -Dfile.encoding=utf8 -XX:+UseParallelGC -XX:GCTimeRatio=4 -XX:AdaptiveSizePolicyWeight=90 -Dsun.zip.disableMemoryMapping=true -Xmx1G -Xms100m -Xlog:disable -javaagent:c:\Users\Gabe\.vscode\extensions\redhat.java-1.13.0-win32-x64\lombok\lombok-1.18.24.jar -XX:+HeapDumpOnOutOfMemoryError -XX:HeapDumpPath=c:\Users\Gabe\AppData\Roaming\Code\User\workspaceStorage\493d51f7fc3c7f88ae19d9ef43533270\redhat.java c:\Users\Gabe\.vscode\extensions\redhat.java-1.13.0-win32-x64\server\plugins\org.eclipse.equinox.launcher_1.6.400.v20210924-0641.jar -configuration c:\Users\Gabe\AppData\Roaming\Code\User\globalStorage\redhat.java\1.13.0\config_win -data c:\Users\Gabe\AppData\Roaming\Code\User\workspaceStorage\493d51f7fc3c7f88ae19d9ef43533270\redhat.java\jdt_ws

Host: 11th Gen Intel(R) Core(TM) i5-11300H @ 3.10GHz, 8 cores, 15G,  Windows 10 , 64 bit Build 19041 (10.0.19041.1889)
Time: Tue Dec  6 13:28:36 2022 Eastern Standard Time elapsed time: 0.027978 seconds (0d 0h 0m 0s)

---------------  T H R E A D  ---------------

Current thread (0x0000019408b1ddc0):  JavaThread "Unknown thread" [_thread_in_vm, id=34800, stack(0x0000006c20600000,0x0000006c20700000)]

Stack: [0x0000006c20600000,0x0000006c20700000]
Native frames: (J=compiled Java code, j=interpreted, Vv=VM code, C=native code)
V  [jvm.dll+0x676b3a]
V  [jvm.dll+0x831444]
V  [jvm.dll+0x832bee]
V  [jvm.dll+0x833253]
V  [jvm.dll+0x244ce5]
V  [jvm.dll+0xa631f]
V  [jvm.dll+0x6b3d43]
V  [jvm.dll+0x6b48af]
V  [jvm.dll+0x683238]
V  [jvm.dll+0x80383b]
V  [jvm.dll+0x368c34]
V  [jvm.dll+0x7e265c]
V  [jvm.dll+0x3eb17f]
V  [jvm.dll+0x3eccc1]
C  [jli.dll+0x5267]
C  [ucrtbase.dll+0x21bb2]
C  [KERNEL32.DLL+0x17034]
C  [ntdll.dll+0x526a1]


---------------  P R O C E S S  ---------------

Threads class SMR info:
_java_thread_list=0x00007ff8fdd02f18, length=0, elements={
}

Java Threads: ( => current thread )

Other Threads:
  0x0000019408b36140 GCTaskThread "GC Thread#0" [stack: 0x0000006c20700000,0x0000006c20800000] [id=35120]

=>0x0000019408b1ddc0 (exited) JavaThread "Unknown thread" [_thread_in_vm, id=34800, stack(0x0000006c20600000,0x0000006c20700000)]

Threads with active compile tasks:

VM state: not at safepoint (normal execution)

VM Mutex/Monitor currently owned by a thread: None

Heap address: 0x00000000c0000000, size: 1024 MB, Compressed Oops mode: 32-bit

CDS archive(s) not mapped
Compressed class space mapped at: 0x0000000100000000-0x0000000140000000, reserved size: 1073741824
Narrow klass base: 0x0000000000000000, Narrow klass shift: 3, Narrow klass range: 0x140000000

GC Precious Log:
 CPUs: 8 total, 8 available
 Memory: 16122M
 Large Page Support: Disabled
 NUMA Support: Disabled
 Compressed Oops: Enabled (32-bit)
 Alignments: Space 512K, Generation 512K, Heap 2M
 Heap Min Capacity: 100M
 Heap Initial Capacity: 100M
 Heap Max Capacity: 1G
 Pre-touch: Disabled
 Parallel Workers: 8

Heap:
 PSYoungGen      total 29696K, used 512K [0x00000000eab00000, 0x00000000ecc00000, 0x0000000100000000)
  eden space 25600K, 2% used [0x00000000eab00000,0x00000000eab80070,0x00000000ec400000)
  from space 4096K, 0% used [0x00000000ec800000,0x00000000ec800000,0x00000000ecc00000)
  to   space 4096K, 0% used [0x00000000ec400000,0x00000000ec400000,0x00000000ec800000)
 ParOldGen       total 68608K, used 0K [0x00000000c0000000, 0x00000000c4300000, 0x00000000eab00000)
  object space 68608K, 0% used [0x00000000c0000000,0x00000000c0000000,0x00000000c4300000)
 Metaspace       used 1149K, committed 1216K, reserved 1056768K
  class space    used 101K, committed 128K, reserved 1048576K

Card table byte_map: [0x00000194084c0000,0x00000194086d0000] _byte_map_base: 0x0000019407ec0000

Marking Bits: (ParMarkBitMap*) 0x00007ff8fdd70dd0
 Begin Bits: [0x000001941a7a0000, 0x000001941b7a0000)
 End Bits:   [0x000001941b7a0000, 0x000001941c7a0000)

Polling page: 0x00000194069d0000

Metaspace:

Usage:
  Non-class:      1.02 MB used.
      Class:    101.01 KB used.
       Both:      1.12 MB used.

Virtual space:
  Non-class space:        8.00 MB reserved,       1.06 MB ( 13%) committed,  1 nodes.
      Class space:        1.00 GB reserved,     128.00 KB ( <1%) committed,  1 nodes.
             Both:        1.01 GB reserved,       1.19 MB ( <1%) committed. 

Chunk freelists:
   Non-Class:  0 bytes
       Class:  3.75 MB
        Both:  3.75 MB

MaxMetaspaceSize: unlimited
CompressedClassSpaceSize: 1.00 GB
Initial GC threshold: 21.00 MB
Current GC threshold: 17179869184.00 GB
CDS: off
MetaspaceReclaimPolicy: balanced
 - commit_granule_bytes: 65536.
 - commit_granule_words: 8192.
 - virtual_space_node_default_size: 1048576.
 - enlarge_chunks_in_place: 1.
 - new_chunks_are_fully_committed: 0.
 - uncommit_free_chunks: 1.
 - use_allocation_guard: 0.
 - handle_deallocations: 1.


Internal statistics:

num_allocs_failed_limit: 0.
num_arena_births: 2.
num_arena_deaths: 0.
num_vsnodes_births: 2.
num_vsnodes_deaths: 0.
num_space_committed: 19.
num_space_uncommitted: 0.
num_chunks_returned_to_freelist: 0.
num_chunks_taken_from_freelist: 3.
num_chunk_merges: 0.
num_chunk_splits: 1.
num_chunks_enlarged: 0.
num_purges: 0.
num_inconsistent_stats: 0.

CodeHeap 'non-profiled nmethods': size=120000Kb used=0Kb max_used=0Kb free=120000Kb
 bounds [0x0000019413270000, 0x00000194134e0000, 0x000001941a7a0000]
CodeHeap 'profiled nmethods': size=120000Kb used=0Kb max_used=0Kb free=120000Kb
 bounds [0x000001940bd40000, 0x000001940bfb0000, 0x0000019413270000]
CodeHeap 'non-nmethods': size=5760Kb used=209Kb max_used=342Kb free=5550Kb
 bounds [0x000001940b7a0000, 0x000001940ba10000, 0x000001940bd40000]
 total_blobs=66 nmethods=0 adapters=47
 compilation: enabled
              stopped_count=0, restarted_count=0
 full_count=0

Compilation events (0 events):
No events

GC Heap History (0 events):
No events

Dll operation events (1 events):
Event: 0.009 Loaded shared library c:\Users\Gabe\.vscode\extensions\redhat.java-1.13.0-win32-x64\jre\17.0.5-win32-x86_64\bin\java.dll

Deoptimization events (0 events):
No events

Classes unloaded (0 events):
No events

Classes redefined (0 events):
No events

Internal exceptions (0 events):
No events

VM Operations (0 events):
No events

Events (20 events):
Event: 0.023 loading class java/lang/Long
Event: 0.024 loading class java/lang/Long done
Event: 0.024 loading class java/util/Iterator
Event: 0.024 loading class java/util/Iterator done
Event: 0.024 loading class java/lang/reflect/RecordComponent
Event: 0.024 loading class java/lang/reflect/RecordComponent done
Event: 0.024 loading class jdk/internal/vm/vector/VectorSupport
Event: 0.024 loading class jdk/internal/vm/vector/VectorSupport done
Event: 0.024 loading class jdk/internal/vm/vector/VectorSupport$VectorPayload
Event: 0.024 loading class jdk/internal/vm/vector/VectorSupport$VectorPayload done
Event: 0.024 loading class jdk/internal/vm/vector/VectorSupport$Vector
Event: 0.024 loading class jdk/internal/vm/vector/VectorSupport$Vector done
Event: 0.024 loading class jdk/internal/vm/vector/VectorSupport$VectorMask
Event: 0.024 loading class jdk/internal/vm/vector/VectorSupport$VectorMask done
Event: 0.024 loading class jdk/internal/vm/vector/VectorSupport$VectorShuffle
Event: 0.024 loading class jdk/internal/vm/vector/VectorSupport$VectorShuffle done
Event: 0.025 loading class java/lang/NullPointerException
Event: 0.025 loading class java/lang/NullPointerException done
Event: 0.025 loading class java/lang/ArithmeticException
Event: 0.025 loading class java/lang/ArithmeticException done


Dynamic libraries:
0x00007ff6d44d0000 - 0x00007ff6d44de000 	c:\Users\Gabe\.vscode\extensions\redhat.java-1.13.0-win32-x64\jre\17.0.5-win32-x86_64\bin\java.exe
0x00007ff96ed50000 - 0x00007ff96ef48000 	C:\Windows\SYSTEM32\ntdll.dll
0x00007ff96cfa0000 - 0x00007ff96d05d000 	C:\Windows\System32\KERNEL32.DLL
0x00007ff96c9f0000 - 0x00007ff96ccbe000 	C:\Windows\System32\KERNELBASE.dll
0x00007ff9698e0000 - 0x00007ff969970000 	C:\Windows\SYSTEM32\apphelp.dll
0x00007ff96c5d0000 - 0x00007ff96c6d0000 	C:\Windows\System32\ucrtbase.dll
0x00007ff95dd20000 - 0x00007ff95dd37000 	c:\Users\Gabe\.vscode\extensions\redhat.java-1.13.0-win32-x64\jre\17.0.5-win32-x86_64\bin\jli.dll
0x00007ff95dd00000 - 0x00007ff95dd19000 	c:\Users\Gabe\.vscode\extensions\redhat.java-1.13.0-win32-x64\jre\17.0.5-win32-x86_64\bin\VCRUNTIME140.dll
0x00007ff96e080000 - 0x00007ff96e220000 	C:\Windows\System32\USER32.dll
0x00007ff96ccc0000 - 0x00007ff96cce2000 	C:\Windows\System32\win32u.dll
0x00007ff96ebe0000 - 0x00007ff96ec0a000 	C:\Windows\System32\GDI32.dll
0x00007ff94c750000 - 0x00007ff94c9ea000 	C:\Windows\WinSxS\amd64_microsoft.windows.common-controls_6595b64144ccf1df_6.0.19041.1110_none_60b5254171f9507e\COMCTL32.dll
0x00007ff96c8e0000 - 0x00007ff96c9eb000 	C:\Windows\System32\gdi32full.dll
0x00007ff96e2d0000 - 0x00007ff96e36e000 	C:\Windows\System32\msvcrt.dll
0x00007ff96c500000 - 0x00007ff96c59d000 	C:\Windows\System32\msvcp_win.dll
0x00007ff96e790000 - 0x00007ff96e7c0000 	C:\Windows\System32\IMM32.DLL
0x00007ff9608f0000 - 0x00007ff9608fc000 	c:\Users\Gabe\.vscode\extensions\redhat.java-1.13.0-win32-x64\jre\17.0.5-win32-x86_64\bin\vcruntime140_1.dll
0x00007ff92ade0000 - 0x00007ff92ae71000 	c:\Users\Gabe\.vscode\extensions\redhat.java-1.13.0-win32-x64\jre\17.0.5-win32-x86_64\bin\msvcp140.dll
0x00007ff8fd1f0000 - 0x00007ff8fde34000 	c:\Users\Gabe\.vscode\extensions\redhat.java-1.13.0-win32-x64\jre\17.0.5-win32-x86_64\bin\server\jvm.dll
0x00007ff96cef0000 - 0x00007ff96cf9e000 	C:\Windows\System32\ADVAPI32.dll
0x00007ff96d060000 - 0x00007ff96d0fc000 	C:\Windows\System32\sechost.dll
0x00007ff96d6c0000 - 0x00007ff96d7e5000 	C:\Windows\System32\RPCRT4.dll
0x00007ff963500000 - 0x00007ff963527000 	C:\Windows\SYSTEM32\WINMM.dll
0x00007ff963230000 - 0x00007ff96323a000 	C:\Windows\SYSTEM32\VERSION.dll
0x00007ff94ef80000 - 0x00007ff94ef89000 	C:\Windows\SYSTEM32\WSOCK32.dll
0x00007ff96d8c0000 - 0x00007ff96d92b000 	C:\Windows\System32\WS2_32.dll
0x00007ff96acf0000 - 0x00007ff96ad02000 	C:\Windows\SYSTEM32\kernel.appcore.dll
0x00007ff9605a0000 - 0x00007ff9605aa000 	c:\Users\Gabe\.vscode\extensions\redhat.java-1.13.0-win32-x64\jre\17.0.5-win32-x86_64\bin\jimage.dll
0x00007ff96a330000 - 0x00007ff96a514000 	C:\Windows\SYSTEM32\DBGHELP.DLL
0x00007ff963240000 - 0x00007ff96326c000 	C:\Windows\SYSTEM32\dbgcore.DLL
0x00007ff96c470000 - 0x00007ff96c4f2000 	C:\Windows\System32\bcryptPrimitives.dll
0x00007ff960110000 - 0x00007ff96011e000 	c:\Users\Gabe\.vscode\extensions\redhat.java-1.13.0-win32-x64\jre\17.0.5-win32-x86_64\bin\instrument.dll
0x00007ff946ef0000 - 0x00007ff946f15000 	c:\Users\Gabe\.vscode\extensions\redhat.java-1.13.0-win32-x64\jre\17.0.5-win32-x86_64\bin\java.dll
0x00007ff9494d0000 - 0x00007ff9494e8000 	c:\Users\Gabe\.vscode\extensions\redhat.java-1.13.0-win32-x64\jre\17.0.5-win32-x86_64\bin\zip.dll

dbghelp: loaded successfully - version: 4.0.5 - missing functions: none
symbol engine: initialized successfully - sym options: 0x614 - pdb path: .;c:\Users\Gabe\.vscode\extensions\redhat.java-1.13.0-win32-x64\jre\17.0.5-win32-x86_64\bin;C:\Windows\SYSTEM32;C:\Windows\WinSxS\amd64_microsoft.windows.common-controls_6595b64144ccf1df_6.0.19041.1110_none_60b5254171f9507e;c:\Users\Gabe\.vscode\extensions\redhat.java-1.13.0-win32-x64\jre\17.0.5-win32-x86_64\bin\server

VM Arguments:
jvm_args: --add-modules=ALL-SYSTEM --add-opens=java.base/java.util=ALL-UNNAMED --add-opens=java.base/java.lang=ALL-UNNAMED --add-opens=java.base/sun.nio.fs=ALL-UNNAMED -Declipse.application=org.eclipse.jdt.ls.core.id1 -Dosgi.bundles.defaultStartLevel=4 -Declipse.product=org.eclipse.jdt.ls.core.product -Djava.import.generatesMetadataFilesAtProjectRoot=false -Dfile.encoding=utf8 -XX:+UseParallelGC -XX:GCTimeRatio=4 -XX:AdaptiveSizePolicyWeight=90 -Dsun.zip.disableMemoryMapping=true -Xmx1G -Xms100m -Xlog:disable -javaagent:c:\Users\Gabe\.vscode\extensions\redhat.java-1.13.0-win32-x64\lombok\lombok-1.18.24.jar -XX:+HeapDumpOnOutOfMemoryError -XX:HeapDumpPath=c:\Users\Gabe\AppData\Roaming\Code\User\workspaceStorage\493d51f7fc3c7f88ae19d9ef43533270\redhat.java 
java_command: c:\Users\Gabe\.vscode\extensions\redhat.java-1.13.0-win32-x64\server\plugins\org.eclipse.equinox.launcher_1.6.400.v20210924-0641.jar -configuration c:\Users\Gabe\AppData\Roaming\Code\User\globalStorage\redhat.java\1.13.0\config_win -data c:\Users\Gabe\AppData\Roaming\Code\User\workspaceStorage\493d51f7fc3c7f88ae19d9ef43533270\redhat.java\jdt_ws
java_class_path (initial): c:\Users\Gabe\.vscode\extensions\redhat.java-1.13.0-win32-x64\server\plugins\org.eclipse.equinox.launcher_1.6.400.v20210924-0641.jar
Launcher Type: SUN_STANDARD

[Global flags]
    uintx AdaptiveSizePolicyWeight                 = 90                                        {product} {command line}
     intx CICompilerCount                          = 4                                         {product} {ergonomic}
    uintx GCTimeRatio                              = 4                                         {product} {command line}
     bool HeapDumpOnOutOfMemoryError               = true                                   {manageable} {command line}
    ccstr HeapDumpPath                             = c:\Users\Gabe\AppData\Roaming\Code\User\workspaceStorage\493d51f7fc3c7f88ae19d9ef43533270\redhat.java         {manageable} {command line}
   size_t InitialHeapSize                          = 104857600                                 {product} {command line}
   size_t MaxHeapSize                              = 1073741824                                {product} {command line}
   size_t MaxNewSize                               = 357564416                                 {product} {ergonomic}
   size_t MinHeapDeltaBytes                        = 524288                                    {product} {ergonomic}
   size_t MinHeapSize                              = 104857600                                 {product} {command line}
   size_t NewSize                                  = 34603008                                  {product} {ergonomic}
    uintx NonNMethodCodeHeapSize                   = 5839372                                {pd product} {ergonomic}
    uintx NonProfiledCodeHeapSize                  = 122909434                              {pd product} {ergonomic}
   size_t OldSize                                  = 70254592                                  {product} {ergonomic}
    uintx ProfiledCodeHeapSize                     = 122909434                              {pd product} {ergonomic}
    uintx ReservedCodeCacheSize                    = 251658240                              {pd product} {ergonomic}
     bool SegmentedCodeCache                       = true                                      {product} {ergonomic}
   size_t SoftMaxHeapSize                          = 1073741824                             {manageable} {ergonomic}
     bool UseCompressedClassPointers               = true                           {product lp64_product} {ergonomic}
     bool UseCompressedOops                        = true                           {product lp64_product} {ergonomic}
     bool UseLargePagesIndividualAllocation        = false                                  {pd product} {ergonomic}
     bool UseParallelGC                            = true                                      {product} {command line}

Logging:
Log output configuration:
 #0: stdout all=off uptime,level,tags
 #1: stderr all=off uptime,level,tags

Environment Variables:
PATH=C:\Program Files\Common Files\Oracle\Java\javapath;C:\Program Files (x86)\Common Files\Oracle\Java\javapath;C:\Windows\system32;C:\Windows;C:\Windows\System32\Wbem;C:\Windows\System32\WindowsPowerShell\v1.0\;C:\Windows\System32\OpenSSH\;C:\Program Files\Java\jdk-16.0.2\bin;C:\Program Files (x86)\Pulse Secure\VC142.CRT\X64\;C:\Program Files (x86)\Pulse Secure\VC142.CRT\X86\;C:\Program Files (x86)\PharosSystems\Core;C:\Program Files\Git\cmd;C:\Program Files\dotnet\;C:\Users\Gabe\AppData\Local\Microsoft\WindowsApps;C:\Users\Gabe\AppData\Local\GitHubDesktop\bin;C:\Users\Gabe\AppData\Local\Programs\Microsoft VS Code\bin
USERNAME=Gabe
OS=Windows_NT
PROCESSOR_IDENTIFIER=Intel64 Family 6 Model 140 Stepping 1, GenuineIntel
TMP=C:\Users\Gabe\AppData\Local\Temp
TEMP=C:\Users\Gabe\AppData\Local\Temp



---------------  S Y S T E M  ---------------

OS:
 Windows 10 , 64 bit Build 19041 (10.0.19041.1889)
OS uptime: 28 days 2:56 hours

CPU: total 8 (initial active 8) (4 cores per cpu, 2 threads per core) family 6 model 140 stepping 1 microcode 0xa4, cx8, cmov, fxsr, ht, mmx, 3dnowpref, sse, sse2, sse3, ssse3, sse4.1, sse4.2, popcnt, lzcnt, tsc, tscinvbit, avx, avx2, aes, erms, clmul, bmi1, bmi2, adx, avx512f, avx512dq, avx512cd, avx512bw, avx512vl, sha, fma, vzeroupper, avx512_vpopcntdq, avx512_vpclmulqdq, avx512_vaes, avx512_vnni, clflush, clflushopt, clwb, avx512_vbmi2, avx512_vbmi

Memory: 4k page, system-wide physical 16122M (3213M free)
TotalPageFile size 44224M (AvailPageFile size 5M)
current process WorkingSet (physical memory assigned to process): 16M, peak: 16M
current process commit charge ("private bytes"): 168M, peak: 169M

vm_info: OpenJDK 64-Bit Server VM (17.0.5+8) for windows-amd64 JRE (17.0.5+8), built on Oct 19 2022 04:48:13 by "temurin" with MS VC++ 16.7 (VS2019)

END.
