Main Logger: INFO - Starting up SQL and IP Connections... - on 03/25/2024 at 16:47 PM
Main Logger: INFO - Getting area data... - on 03/25/2024 at 16:48 PM
Main Logger: INFO - Starting scan for Trenton, NJ... - on 03/25/2024 at 16:48 PM
Main Logger: INFO - Navigating to selected area... - on 03/25/2024 at 16:48 PM
Main Logger: INFO - Starting scan for Charlotte, NC... - on 03/25/2024 at 16:49 PM
Main Logger: INFO - Navigating to selected area... - on 03/25/2024 at 16:49 PM
Main Logger: INFO - Starting scan for Syracuse, NY... - on 03/25/2024 at 16:51 PM
Main Logger: INFO - Navigating to selected area... - on 03/25/2024 at 16:51 PM
Main Logger: INFO - Starting scan for Philadelphia, PA... - on 03/25/2024 at 16:53 PM
Main Logger: INFO - Navigating to selected area... - on 03/25/2024 at 16:53 PM
Main Logger: INFO - Starting scan for Seattle, WA... - on 03/25/2024 at 16:55 PM
Main Logger: INFO - Navigating to selected area... - on 03/25/2024 at 16:55 PM
Main Logger: WARNING - Controls for navigating to new location unavailable. - on 03/25/2024 at 16:55 PM
Main Logger: INFO - Starting scan for Seattle, WA... - on 03/25/2024 at 16:56 PM
Main Logger: INFO - Navigating to selected area... - on 03/25/2024 at 16:56 PM
Main Logger: INFO - Starting scan for Miami, FL... - on 03/25/2024 at 16:59 PM
Main Logger: INFO - Navigating to selected area... - on 03/25/2024 at 16:59 PM
Main Logger: INFO - Starting scan for Atlanta, GA... - on 03/25/2024 at 17:01 PM
Main Logger: INFO - Navigating to selected area... - on 03/25/2024 at 17:01 PM
Main Logger: INFO - Starting scan for Charleston, SC... - on 03/25/2024 at 17:04 PM
Main Logger: INFO - Navigating to selected area... - on 03/25/2024 at 17:04 PM
Main Logger: WARNING - Controls for navigating to new location unavailable. - on 03/25/2024 at 17:04 PM
Main Logger: INFO - Starting scan for Charleston, SC... - on 03/25/2024 at 17:04 PM
Main Logger: INFO - Navigating to selected area... - on 03/25/2024 at 17:04 PM
Main Logger: WARNING - There was an issue getting the graph rectangles. - on 03/25/2024 at 17:04 PM
Main Logger: INFO - Starting scan for Charleston, SC... - on 03/25/2024 at 17:05 PM
Main Logger: INFO - Navigating to selected area... - on 03/25/2024 at 17:05 PM
Main Logger: WARNING - There was an issue getting the graph rectangles. - on 03/25/2024 at 17:05 PM
Main Logger: INFO - Starting scan for Charleston, SC... - on 03/25/2024 at 17:06 PM
Main Logger: INFO - Navigating to selected area... - on 03/25/2024 at 17:06 PM
Main Logger: INFO - Starting scan for Portland, OR... - on 03/25/2024 at 17:08 PM
Main Logger: INFO - Navigating to selected area... - on 03/25/2024 at 17:08 PM
Main Logger: INFO - Starting scan for Denver, CO... - on 03/25/2024 at 17:10 PM
Main Logger: INFO - Navigating to selected area... - on 03/25/2024 at 17:10 PM
Main Logger: INFO - Starting scan for Buffalo, NY... - on 03/25/2024 at 17:13 PM
Main Logger: INFO - Navigating to selected area... - on 03/25/2024 at 17:13 PM
Main Logger: WARNING - There was an issue getting the graph rectangles. - on 03/25/2024 at 17:13 PM
Main Logger: INFO - Starting scan for Buffalo, NY... - on 03/25/2024 at 17:13 PM
Main Logger: INFO - Navigating to selected area... - on 03/25/2024 at 17:13 PM
Main Logger: WARNING - There was an issue getting the graph rectangles. - on 03/25/2024 at 17:13 PM
Main Logger: INFO - Starting scan for Buffalo, NY... - on 03/25/2024 at 17:14 PM
Main Logger: INFO - Navigating to selected area... - on 03/25/2024 at 17:14 PM
Main Logger: INFO - Starting scan for New York, NY... - on 03/25/2024 at 17:15 PM
Main Logger: INFO - Navigating to selected area... - on 03/25/2024 at 17:15 PM
Main Logger: INFO - Starting scan for Pittsburgh, PA... - on 03/25/2024 at 17:20 PM
Main Logger: INFO - Navigating to selected area... - on 03/25/2024 at 17:20 PM
Main Logger: WARNING - Controls for navigating to new location unavailable. - on 03/25/2024 at 17:20 PM
Main Logger: INFO - Starting scan for Pittsburgh, PA... - on 03/25/2024 at 17:21 PM
Main Logger: INFO - Navigating to selected area... - on 03/25/2024 at 17:21 PM
Main Logger: WARNING - Unable to select change location element. - on 03/25/2024 at 17:21 PM
Main Logger: INFO - Starting scan for Pittsburgh, PA... - on 03/25/2024 at 17:21 PM
Main Logger: INFO - Navigating to selected area... - on 03/25/2024 at 17:21 PM
Main Logger: INFO - Starting scan for Richmond, VA... - on 03/25/2024 at 17:23 PM
Main Logger: INFO - Navigating to selected area... - on 03/25/2024 at 17:23 PM
Main Logger: WARNING - Controls for navigating to new location unavailable. - on 03/25/2024 at 17:23 PM
Main Logger: INFO - Starting scan for Richmond, VA... - on 03/25/2024 at 17:23 PM
Main Logger: INFO - Navigating to selected area... - on 03/25/2024 at 17:23 PM
Main Logger: INFO - Starting scan for Harrisburg, PA... - on 03/25/2024 at 17:26 PM
Main Logger: INFO - Navigating to selected area... - on 03/25/2024 at 17:26 PM
Main Logger: WARNING - Controls for navigating to new location unavailable. - on 03/25/2024 at 17:27 PM
Main Logger: INFO - Starting scan for Harrisburg, PA... - on 03/25/2024 at 17:27 PM
Main Logger: INFO - Navigating to selected area... - on 03/25/2024 at 17:27 PM
